2024-08-21T12:39:09.548+05:30  INFO 17708 --- [springexample] [main] c.g.s.SpringexampleApplication           : Starting SpringexampleApplication using Java 22.0.1 with PID 17708 (C:\Users\moham\OneDrive\Desktop\Spring Example\springexample\target\classes started by moham in C:\Users\moham\OneDrive\Desktop\Spring Example\springexample)
2024-08-21T12:39:09.550+05:30 DEBUG 17708 --- [springexample] [main] c.g.s.SpringexampleApplication           : Running with Spring Boot v3.3.2, Spring v6.1.11
2024-08-21T12:39:09.552+05:30  INFO 17708 --- [springexample] [main] c.g.s.SpringexampleApplication           : The following 2 profiles are active: "test", "log"
2024-08-21T12:39:10.618+05:30  INFO 17708 --- [springexample] [main] .s.d.r.c.RepositoryConfigurationDelegate : Bootstrapping Spring Data JPA repositories in DEFAULT mode.
2024-08-21T12:39:10.697+05:30  INFO 17708 --- [springexample] [main] .s.d.r.c.RepositoryConfigurationDelegate : Finished Spring Data repository scanning in 67 ms. Found 1 JPA repository interface.
2024-08-21T12:39:11.460+05:30  INFO 17708 --- [springexample] [main] o.s.b.w.embedded.tomcat.TomcatWebServer  : Tomcat initialized with port 8080 (http)
2024-08-21T12:39:11.472+05:30  INFO 17708 --- [springexample] [main] o.apache.catalina.core.StandardService   : Starting service [Tomcat]
2024-08-21T12:39:11.473+05:30  INFO 17708 --- [springexample] [main] o.apache.catalina.core.StandardEngine    : Starting Servlet engine: [Apache Tomcat/10.1.26]
2024-08-21T12:39:11.534+05:30  INFO 17708 --- [springexample] [main] o.a.c.c.C.[Tomcat].[localhost].[/]       : Initializing Spring embedded WebApplicationContext
2024-08-21T12:39:11.534+05:30  INFO 17708 --- [springexample] [main] w.s.c.ServletWebServerApplicationContext : Root WebApplicationContext: initialization completed in 1909 ms
2024-08-21T12:39:11.766+05:30  INFO 17708 --- [springexample] [main] o.hibernate.jpa.internal.util.LogHelper  : HHH000204: Processing PersistenceUnitInfo [name: default]
2024-08-21T12:39:11.834+05:30  INFO 17708 --- [springexample] [main] org.hibernate.Version                    : HHH000412: Hibernate ORM core version 6.5.2.Final
2024-08-21T12:39:11.877+05:30  INFO 17708 --- [springexample] [main] o.h.c.internal.RegionFactoryInitiator    : HHH000026: Second-level cache disabled
2024-08-21T12:39:12.273+05:30  INFO 17708 --- [springexample] [main] o.s.o.j.p.SpringPersistenceUnitInfo      : No LoadTimeWeaver setup: ignoring JPA class transformer
2024-08-21T12:39:12.314+05:30  INFO 17708 --- [springexample] [main] com.zaxxer.hikari.HikariDataSource       : HikariPool-1 - Starting...
2024-08-21T12:39:12.560+05:30  INFO 17708 --- [springexample] [main] com.zaxxer.hikari.pool.HikariPool        : HikariPool-1 - Added connection org.postgresql.jdbc.PgConnection@fe8aaeb
2024-08-21T12:39:12.563+05:30  INFO 17708 --- [springexample] [main] com.zaxxer.hikari.HikariDataSource       : HikariPool-1 - Start completed.
2024-08-21T12:39:13.670+05:30  INFO 17708 --- [springexample] [main] o.h.e.t.j.p.i.JtaPlatformInitiator       : HHH000489: No JTA platform available (set 'hibernate.transaction.jta.platform' to enable JTA platform integration)
2024-08-21T12:39:13.709+05:30  INFO 17708 --- [springexample] [main] j.LocalContainerEntityManagerFactoryBean : Initialized JPA EntityManagerFactory for persistence unit 'default'
2024-08-21T12:39:14.127+05:30  WARN 17708 --- [springexample] [main] JpaBaseConfiguration$JpaWebConfiguration : spring.jpa.open-in-view is enabled by default. Therefore, database queries may be performed during view rendering. Explicitly configure spring.jpa.open-in-view to disable this warning
2024-08-21T12:39:14.753+05:30  INFO 17708 --- [springexample] [main] o.s.b.w.embedded.tomcat.TomcatWebServer  : Tomcat started on port 8080 (http) with context path '/'
2024-08-21T12:39:14.767+05:30  INFO 17708 --- [springexample] [main] c.g.s.SpringexampleApplication           : Started SpringexampleApplication in 6.024 seconds (process running for 6.54)
2024-08-21T12:42:30.203+05:30  INFO 17708 --- [springexample] [SpringApplicationShutdownHook] j.LocalContainerEntityManagerFactoryBean : Closing JPA EntityManagerFactory for persistence unit 'default'
2024-08-21T12:42:30.208+05:30  INFO 17708 --- [springexample] [SpringApplicationShutdownHook] com.zaxxer.hikari.HikariDataSource       : HikariPool-1 - Shutdown initiated...
2024-08-21T12:42:30.217+05:30  INFO 17708 --- [springexample] [SpringApplicationShutdownHook] com.zaxxer.hikari.HikariDataSource       : HikariPool-1 - Shutdown completed.
2024-08-21T12:42:35.786+05:30  INFO 18988 --- [springexample] [main] c.g.s.SpringexampleApplication           : Starting SpringexampleApplication using Java 22.0.1 with PID 18988 (C:\Users\moham\OneDrive\Desktop\Spring Example\springexample\target\classes started by moham in C:\Users\moham\OneDrive\Desktop\Spring Example\springexample)
2024-08-21T12:42:35.788+05:30 DEBUG 18988 --- [springexample] [main] c.g.s.SpringexampleApplication           : Running with Spring Boot v3.3.2, Spring v6.1.11
2024-08-21T12:42:35.790+05:30  INFO 18988 --- [springexample] [main] c.g.s.SpringexampleApplication           : The following 2 profiles are active: "test", "log"
2024-08-21T12:42:36.932+05:30  INFO 18988 --- [springexample] [main] .s.d.r.c.RepositoryConfigurationDelegate : Bootstrapping Spring Data JPA repositories in DEFAULT mode.
2024-08-21T12:42:37.023+05:30  INFO 18988 --- [springexample] [main] .s.d.r.c.RepositoryConfigurationDelegate : Finished Spring Data repository scanning in 82 ms. Found 1 JPA repository interface.
2024-08-21T12:42:37.778+05:30  INFO 18988 --- [springexample] [main] o.s.b.w.embedded.tomcat.TomcatWebServer  : Tomcat initialized with port 8080 (http)
2024-08-21T12:42:37.796+05:30  INFO 18988 --- [springexample] [main] o.apache.catalina.core.StandardService   : Starting service [Tomcat]
2024-08-21T12:42:37.796+05:30  INFO 18988 --- [springexample] [main] o.apache.catalina.core.StandardEngine    : Starting Servlet engine: [Apache Tomcat/10.1.26]
2024-08-21T12:42:37.855+05:30  INFO 18988 --- [springexample] [main] o.a.c.c.C.[Tomcat].[localhost].[/]       : Initializing Spring embedded WebApplicationContext
2024-08-21T12:42:37.856+05:30  INFO 18988 --- [springexample] [main] w.s.c.ServletWebServerApplicationContext : Root WebApplicationContext: initialization completed in 1994 ms
2024-08-21T12:42:38.103+05:30  INFO 18988 --- [springexample] [main] o.hibernate.jpa.internal.util.LogHelper  : HHH000204: Processing PersistenceUnitInfo [name: default]
2024-08-21T12:42:38.178+05:30  INFO 18988 --- [springexample] [main] org.hibernate.Version                    : HHH000412: Hibernate ORM core version 6.5.2.Final
2024-08-21T12:42:38.228+05:30  INFO 18988 --- [springexample] [main] o.h.c.internal.RegionFactoryInitiator    : HHH000026: Second-level cache disabled
2024-08-21T12:42:38.665+05:30  INFO 18988 --- [springexample] [main] o.s.o.j.p.SpringPersistenceUnitInfo      : No LoadTimeWeaver setup: ignoring JPA class transformer
2024-08-21T12:42:38.698+05:30  INFO 18988 --- [springexample] [main] com.zaxxer.hikari.HikariDataSource       : HikariPool-1 - Starting...
2024-08-21T12:42:38.976+05:30  INFO 18988 --- [springexample] [main] com.zaxxer.hikari.pool.HikariPool        : HikariPool-1 - Added connection org.postgresql.jdbc.PgConnection@5b14f482
2024-08-21T12:42:38.978+05:30  INFO 18988 --- [springexample] [main] com.zaxxer.hikari.HikariDataSource       : HikariPool-1 - Start completed.
2024-08-21T12:42:40.074+05:30  INFO 18988 --- [springexample] [main] o.h.e.t.j.p.i.JtaPlatformInitiator       : HHH000489: No JTA platform available (set 'hibernate.transaction.jta.platform' to enable JTA platform integration)
2024-08-21T12:42:40.112+05:30  INFO 18988 --- [springexample] [main] j.LocalContainerEntityManagerFactoryBean : Initialized JPA EntityManagerFactory for persistence unit 'default'
2024-08-21T12:42:40.562+05:30  WARN 18988 --- [springexample] [main] JpaBaseConfiguration$JpaWebConfiguration : spring.jpa.open-in-view is enabled by default. Therefore, database queries may be performed during view rendering. Explicitly configure spring.jpa.open-in-view to disable this warning
2024-08-21T12:42:41.309+05:30  INFO 18988 --- [springexample] [main] o.s.b.w.embedded.tomcat.TomcatWebServer  : Tomcat started on port 8080 (http) with context path '/'
2024-08-21T12:42:41.325+05:30  INFO 18988 --- [springexample] [main] c.g.s.SpringexampleApplication           : Started SpringexampleApplication in 6.319 seconds (process running for 6.934)
2024-08-21T12:42:41.332+05:30  INFO 18988 --- [springexample] [main] c.g.s.SpringexampleApplication           : Info Level
2024-08-21T12:48:05.371+05:30  INFO 18988 --- [springexample] [SpringApplicationShutdownHook] j.LocalContainerEntityManagerFactoryBean : Closing JPA EntityManagerFactory for persistence unit 'default'
2024-08-21T12:48:05.374+05:30  INFO 18988 --- [springexample] [SpringApplicationShutdownHook] com.zaxxer.hikari.HikariDataSource       : HikariPool-1 - Shutdown initiated...
2024-08-21T12:48:05.378+05:30  INFO 18988 --- [springexample] [SpringApplicationShutdownHook] com.zaxxer.hikari.HikariDataSource       : HikariPool-1 - Shutdown completed.
2024-08-21T12:48:10.516+05:30  INFO 11964 --- [springexample] [main] c.g.s.SpringexampleApplication           : Starting SpringexampleApplication using Java 22.0.1 with PID 11964 (C:\Users\moham\OneDrive\Desktop\Spring Example\springexample\target\classes started by moham in C:\Users\moham\OneDrive\Desktop\Spring Example\springexample)
2024-08-21T12:48:10.518+05:30 DEBUG 11964 --- [springexample] [main] c.g.s.SpringexampleApplication           : Running with Spring Boot v3.3.2, Spring v6.1.11
2024-08-21T12:48:10.519+05:30  INFO 11964 --- [springexample] [main] c.g.s.SpringexampleApplication           : The following 2 profiles are active: "test", "log"
2024-08-21T12:48:11.570+05:30  INFO 11964 --- [springexample] [main] .s.d.r.c.RepositoryConfigurationDelegate : Bootstrapping Spring Data JPA repositories in DEFAULT mode.
2024-08-21T12:48:11.667+05:30  INFO 11964 --- [springexample] [main] .s.d.r.c.RepositoryConfigurationDelegate : Finished Spring Data repository scanning in 85 ms. Found 1 JPA repository interface.
2024-08-21T12:48:12.426+05:30  INFO 11964 --- [springexample] [main] o.s.b.w.embedded.tomcat.TomcatWebServer  : Tomcat initialized with port 8080 (http)
2024-08-21T12:48:12.449+05:30  INFO 11964 --- [springexample] [main] o.apache.catalina.core.StandardService   : Starting service [Tomcat]
2024-08-21T12:48:12.450+05:30  INFO 11964 --- [springexample] [main] o.apache.catalina.core.StandardEngine    : Starting Servlet engine: [Apache Tomcat/10.1.26]
2024-08-21T12:48:12.507+05:30  INFO 11964 --- [springexample] [main] o.a.c.c.C.[Tomcat].[localhost].[/]       : Initializing Spring embedded WebApplicationContext
2024-08-21T12:48:12.507+05:30  INFO 11964 --- [springexample] [main] w.s.c.ServletWebServerApplicationContext : Root WebApplicationContext: initialization completed in 1914 ms
2024-08-21T12:48:12.748+05:30  INFO 11964 --- [springexample] [main] o.hibernate.jpa.internal.util.LogHelper  : HHH000204: Processing PersistenceUnitInfo [name: default]
2024-08-21T12:48:12.831+05:30  INFO 11964 --- [springexample] [main] org.hibernate.Version                    : HHH000412: Hibernate ORM core version 6.5.2.Final
2024-08-21T12:48:12.887+05:30  INFO 11964 --- [springexample] [main] o.h.c.internal.RegionFactoryInitiator    : HHH000026: Second-level cache disabled
2024-08-21T12:48:13.320+05:30  INFO 11964 --- [springexample] [main] o.s.o.j.p.SpringPersistenceUnitInfo      : No LoadTimeWeaver setup: ignoring JPA class transformer
2024-08-21T12:48:13.355+05:30  INFO 11964 --- [springexample] [main] com.zaxxer.hikari.HikariDataSource       : HikariPool-1 - Starting...
2024-08-21T12:48:13.589+05:30  INFO 11964 --- [springexample] [main] com.zaxxer.hikari.pool.HikariPool        : HikariPool-1 - Added connection org.postgresql.jdbc.PgConnection@7cd3e0da
2024-08-21T12:48:13.591+05:30  INFO 11964 --- [springexample] [main] com.zaxxer.hikari.HikariDataSource       : HikariPool-1 - Start completed.
2024-08-21T12:48:14.637+05:30  INFO 11964 --- [springexample] [main] o.h.e.t.j.p.i.JtaPlatformInitiator       : HHH000489: No JTA platform available (set 'hibernate.transaction.jta.platform' to enable JTA platform integration)
2024-08-21T12:48:14.686+05:30  INFO 11964 --- [springexample] [main] j.LocalContainerEntityManagerFactoryBean : Initialized JPA EntityManagerFactory for persistence unit 'default'
2024-08-21T12:48:15.077+05:30  WARN 11964 --- [springexample] [main] JpaBaseConfiguration$JpaWebConfiguration : spring.jpa.open-in-view is enabled by default. Therefore, database queries may be performed during view rendering. Explicitly configure spring.jpa.open-in-view to disable this warning
2024-08-21T12:48:15.242+05:30  WARN 11964 --- [springexample] [main] ConfigServletWebServerApplicationContext : Exception encountered during context initialization - cancelling refresh attempt: org.springframework.beans.factory.BeanCreationException: Error creating bean with name 'requestMappingHandlerMapping' defined in class path resource [org/springframework/boot/autoconfigure/web/servlet/WebMvcAutoConfiguration$EnableWebMvcConfiguration.class]: Ambiguous mapping. Cannot map 'employeeController' method 
com.godigit.springexample.controller.EmployeeController#getAllEmployee()
to {GET [/ || ]}: There is already 'employeeController' bean method
com.godigit.springexample.controller.EmployeeController#message() mapped.
2024-08-21T12:48:15.243+05:30  INFO 11964 --- [springexample] [main] j.LocalContainerEntityManagerFactoryBean : Closing JPA EntityManagerFactory for persistence unit 'default'
2024-08-21T12:48:15.246+05:30  INFO 11964 --- [springexample] [main] com.zaxxer.hikari.HikariDataSource       : HikariPool-1 - Shutdown initiated...
2024-08-21T12:48:15.257+05:30  INFO 11964 --- [springexample] [main] com.zaxxer.hikari.HikariDataSource       : HikariPool-1 - Shutdown completed.
2024-08-21T12:48:15.260+05:30  INFO 11964 --- [springexample] [main] o.apache.catalina.core.StandardService   : Stopping service [Tomcat]
2024-08-21T12:48:15.287+05:30  INFO 11964 --- [springexample] [main] .s.b.a.l.ConditionEvaluationReportLogger : 

Error starting ApplicationContext. To display the condition evaluation report re-run your application with 'debug' enabled.
2024-08-21T12:48:15.333+05:30 ERROR 11964 --- [springexample] [main] o.s.boot.SpringApplication               : Application run failed

org.springframework.beans.factory.BeanCreationException: Error creating bean with name 'requestMappingHandlerMapping' defined in class path resource [org/springframework/boot/autoconfigure/web/servlet/WebMvcAutoConfiguration$EnableWebMvcConfiguration.class]: Ambiguous mapping. Cannot map 'employeeController' method 
com.godigit.springexample.controller.EmployeeController#getAllEmployee()
to {GET [/ || ]}: There is already 'employeeController' bean method
com.godigit.springexample.controller.EmployeeController#message() mapped.
	at org.springframework.beans.factory.support.AbstractAutowireCapableBeanFactory.initializeBean(AbstractAutowireCapableBeanFactory.java:1806) ~[spring-beans-6.1.11.jar:6.1.11]
	at org.springframework.beans.factory.support.AbstractAutowireCapableBeanFactory.doCreateBean(AbstractAutowireCapableBeanFactory.java:600) ~[spring-beans-6.1.11.jar:6.1.11]
	at org.springframework.beans.factory.support.AbstractAutowireCapableBeanFactory.createBean(AbstractAutowireCapableBeanFactory.java:522) ~[spring-beans-6.1.11.jar:6.1.11]
	at org.springframework.beans.factory.support.AbstractBeanFactory.lambda$doGetBean$0(AbstractBeanFactory.java:337) ~[spring-beans-6.1.11.jar:6.1.11]
	at org.springframework.beans.factory.support.DefaultSingletonBeanRegistry.getSingleton(DefaultSingletonBeanRegistry.java:234) ~[spring-beans-6.1.11.jar:6.1.11]
	at org.springframework.beans.factory.support.AbstractBeanFactory.doGetBean(AbstractBeanFactory.java:335) ~[spring-beans-6.1.11.jar:6.1.11]
	at org.springframework.beans.factory.support.AbstractBeanFactory.getBean(AbstractBeanFactory.java:200) ~[spring-beans-6.1.11.jar:6.1.11]
	at org.springframework.beans.factory.support.DefaultListableBeanFactory.preInstantiateSingletons(DefaultListableBeanFactory.java:975) ~[spring-beans-6.1.11.jar:6.1.11]
	at org.springframework.context.support.AbstractApplicationContext.finishBeanFactoryInitialization(AbstractApplicationContext.java:971) ~[spring-context-6.1.11.jar:6.1.11]
	at org.springframework.context.support.AbstractApplicationContext.refresh(AbstractApplicationContext.java:625) ~[spring-context-6.1.11.jar:6.1.11]
	at org.springframework.boot.web.servlet.context.ServletWebServerApplicationContext.refresh(ServletWebServerApplicationContext.java:146) ~[spring-boot-3.3.2.jar:3.3.2]
	at org.springframework.boot.SpringApplication.refresh(SpringApplication.java:754) ~[spring-boot-3.3.2.jar:3.3.2]
	at org.springframework.boot.SpringApplication.refreshContext(SpringApplication.java:456) ~[spring-boot-3.3.2.jar:3.3.2]
	at org.springframework.boot.SpringApplication.run(SpringApplication.java:335) ~[spring-boot-3.3.2.jar:3.3.2]
	at org.springframework.boot.SpringApplication.run(SpringApplication.java:1363) ~[spring-boot-3.3.2.jar:3.3.2]
	at org.springframework.boot.SpringApplication.run(SpringApplication.java:1352) ~[spring-boot-3.3.2.jar:3.3.2]
	at com.godigit.springexample.SpringexampleApplication.main(SpringexampleApplication.java:16) ~[classes/:na]
Caused by: java.lang.IllegalStateException: Ambiguous mapping. Cannot map 'employeeController' method 
com.godigit.springexample.controller.EmployeeController#getAllEmployee()
to {GET [/ || ]}: There is already 'employeeController' bean method
com.godigit.springexample.controller.EmployeeController#message() mapped.
	at org.springframework.web.servlet.handler.AbstractHandlerMethodMapping$MappingRegistry.validateMethodMapping(AbstractHandlerMethodMapping.java:674) ~[spring-webmvc-6.1.11.jar:6.1.11]
	at org.springframework.web.servlet.handler.AbstractHandlerMethodMapping$MappingRegistry.register(AbstractHandlerMethodMapping.java:636) ~[spring-webmvc-6.1.11.jar:6.1.11]
	at org.springframework.web.servlet.handler.AbstractHandlerMethodMapping.registerHandlerMethod(AbstractHandlerMethodMapping.java:331) ~[spring-webmvc-6.1.11.jar:6.1.11]
	at org.springframework.web.servlet.mvc.method.annotation.RequestMappingHandlerMapping.registerHandlerMethod(RequestMappingHandlerMapping.java:508) ~[spring-webmvc-6.1.11.jar:6.1.11]
	at org.springframework.web.servlet.mvc.method.annotation.RequestMappingHandlerMapping.registerHandlerMethod(RequestMappingHandlerMapping.java:84) ~[spring-webmvc-6.1.11.jar:6.1.11]
	at org.springframework.web.servlet.handler.AbstractHandlerMethodMapping.lambda$detectHandlerMethods$2(AbstractHandlerMethodMapping.java:298) ~[spring-webmvc-6.1.11.jar:6.1.11]
	at java.base/java.util.LinkedHashMap.forEach(LinkedHashMap.java:986) ~[na:na]
	at org.springframework.web.servlet.handler.AbstractHandlerMethodMapping.detectHandlerMethods(AbstractHandlerMethodMapping.java:296) ~[spring-webmvc-6.1.11.jar:6.1.11]
	at org.springframework.web.servlet.handler.AbstractHandlerMethodMapping.processCandidateBean(AbstractHandlerMethodMapping.java:265) ~[spring-webmvc-6.1.11.jar:6.1.11]
	at org.springframework.web.servlet.handler.AbstractHandlerMethodMapping.initHandlerMethods(AbstractHandlerMethodMapping.java:224) ~[spring-webmvc-6.1.11.jar:6.1.11]
	at org.springframework.web.servlet.handler.AbstractHandlerMethodMapping.afterPropertiesSet(AbstractHandlerMethodMapping.java:212) ~[spring-webmvc-6.1.11.jar:6.1.11]
	at org.springframework.web.servlet.mvc.method.annotation.RequestMappingHandlerMapping.afterPropertiesSet(RequestMappingHandlerMapping.java:239) ~[spring-webmvc-6.1.11.jar:6.1.11]
	at org.springframework.beans.factory.support.AbstractAutowireCapableBeanFactory.invokeInitMethods(AbstractAutowireCapableBeanFactory.java:1853) ~[spring-beans-6.1.11.jar:6.1.11]
	at org.springframework.beans.factory.support.AbstractAutowireCapableBeanFactory.initializeBean(AbstractAutowireCapableBeanFactory.java:1802) ~[spring-beans-6.1.11.jar:6.1.11]
	... 16 common frames omitted

2024-08-21T12:50:06.362+05:30  INFO 21816 --- [springexample] [main] c.g.s.SpringexampleApplication           : Starting SpringexampleApplication using Java 22.0.1 with PID 21816 (C:\Users\moham\OneDrive\Desktop\Spring Example\springexample\target\classes started by moham in C:\Users\moham\OneDrive\Desktop\Spring Example\springexample)
2024-08-21T12:50:06.367+05:30 DEBUG 21816 --- [springexample] [main] c.g.s.SpringexampleApplication           : Running with Spring Boot v3.3.2, Spring v6.1.11
2024-08-21T12:50:06.370+05:30  INFO 21816 --- [springexample] [main] c.g.s.SpringexampleApplication           : The following 2 profiles are active: "test", "log"
2024-08-21T12:50:07.559+05:30  INFO 21816 --- [springexample] [main] .s.d.r.c.RepositoryConfigurationDelegate : Bootstrapping Spring Data JPA repositories in DEFAULT mode.
2024-08-21T12:50:07.646+05:30  INFO 21816 --- [springexample] [main] .s.d.r.c.RepositoryConfigurationDelegate : Finished Spring Data repository scanning in 73 ms. Found 1 JPA repository interface.
2024-08-21T12:50:08.488+05:30  INFO 21816 --- [springexample] [main] o.s.b.w.embedded.tomcat.TomcatWebServer  : Tomcat initialized with port 8080 (http)
2024-08-21T12:50:08.510+05:30  INFO 21816 --- [springexample] [main] o.apache.catalina.core.StandardService   : Starting service [Tomcat]
2024-08-21T12:50:08.511+05:30  INFO 21816 --- [springexample] [main] o.apache.catalina.core.StandardEngine    : Starting Servlet engine: [Apache Tomcat/10.1.26]
2024-08-21T12:50:08.617+05:30  INFO 21816 --- [springexample] [main] o.a.c.c.C.[Tomcat].[localhost].[/]       : Initializing Spring embedded WebApplicationContext
2024-08-21T12:50:08.618+05:30  INFO 21816 --- [springexample] [main] w.s.c.ServletWebServerApplicationContext : Root WebApplicationContext: initialization completed in 2164 ms
2024-08-21T12:50:08.910+05:30  INFO 21816 --- [springexample] [main] o.hibernate.jpa.internal.util.LogHelper  : HHH000204: Processing PersistenceUnitInfo [name: default]
2024-08-21T12:50:09.010+05:30  INFO 21816 --- [springexample] [main] org.hibernate.Version                    : HHH000412: Hibernate ORM core version 6.5.2.Final
2024-08-21T12:50:09.065+05:30  INFO 21816 --- [springexample] [main] o.h.c.internal.RegionFactoryInitiator    : HHH000026: Second-level cache disabled
2024-08-21T12:50:09.596+05:30  INFO 21816 --- [springexample] [main] o.s.o.j.p.SpringPersistenceUnitInfo      : No LoadTimeWeaver setup: ignoring JPA class transformer
2024-08-21T12:50:09.647+05:30  INFO 21816 --- [springexample] [main] com.zaxxer.hikari.HikariDataSource       : HikariPool-1 - Starting...
2024-08-21T12:50:09.952+05:30  INFO 21816 --- [springexample] [main] com.zaxxer.hikari.pool.HikariPool        : HikariPool-1 - Added connection org.postgresql.jdbc.PgConnection@11c7a0b4
2024-08-21T12:50:09.955+05:30  INFO 21816 --- [springexample] [main] com.zaxxer.hikari.HikariDataSource       : HikariPool-1 - Start completed.
2024-08-21T12:50:11.331+05:30  INFO 21816 --- [springexample] [main] o.h.e.t.j.p.i.JtaPlatformInitiator       : HHH000489: No JTA platform available (set 'hibernate.transaction.jta.platform' to enable JTA platform integration)
2024-08-21T12:50:11.381+05:30  INFO 21816 --- [springexample] [main] j.LocalContainerEntityManagerFactoryBean : Initialized JPA EntityManagerFactory for persistence unit 'default'
2024-08-21T12:50:11.829+05:30  WARN 21816 --- [springexample] [main] JpaBaseConfiguration$JpaWebConfiguration : spring.jpa.open-in-view is enabled by default. Therefore, database queries may be performed during view rendering. Explicitly configure spring.jpa.open-in-view to disable this warning
2024-08-21T12:50:12.006+05:30  WARN 21816 --- [springexample] [main] ConfigServletWebServerApplicationContext : Exception encountered during context initialization - cancelling refresh attempt: org.springframework.beans.factory.BeanCreationException: Error creating bean with name 'requestMappingHandlerMapping' defined in class path resource [org/springframework/boot/autoconfigure/web/servlet/WebMvcAutoConfiguration$EnableWebMvcConfiguration.class]: Ambiguous mapping. Cannot map 'employeeController' method 
com.godigit.springexample.controller.EmployeeController#getAllEmployee()
to {GET [/api/employee]}: There is already 'employeeController' bean method
com.godigit.springexample.controller.EmployeeController#message() mapped.
2024-08-21T12:50:12.007+05:30  INFO 21816 --- [springexample] [main] j.LocalContainerEntityManagerFactoryBean : Closing JPA EntityManagerFactory for persistence unit 'default'
2024-08-21T12:50:12.011+05:30  INFO 21816 --- [springexample] [main] com.zaxxer.hikari.HikariDataSource       : HikariPool-1 - Shutdown initiated...
2024-08-21T12:50:12.018+05:30  INFO 21816 --- [springexample] [main] com.zaxxer.hikari.HikariDataSource       : HikariPool-1 - Shutdown completed.
2024-08-21T12:50:12.022+05:30  INFO 21816 --- [springexample] [main] o.apache.catalina.core.StandardService   : Stopping service [Tomcat]
2024-08-21T12:50:12.046+05:30  INFO 21816 --- [springexample] [main] .s.b.a.l.ConditionEvaluationReportLogger : 

Error starting ApplicationContext. To display the condition evaluation report re-run your application with 'debug' enabled.
2024-08-21T12:50:12.102+05:30 ERROR 21816 --- [springexample] [main] o.s.boot.SpringApplication               : Application run failed

org.springframework.beans.factory.BeanCreationException: Error creating bean with name 'requestMappingHandlerMapping' defined in class path resource [org/springframework/boot/autoconfigure/web/servlet/WebMvcAutoConfiguration$EnableWebMvcConfiguration.class]: Ambiguous mapping. Cannot map 'employeeController' method 
com.godigit.springexample.controller.EmployeeController#getAllEmployee()
to {GET [/api/employee]}: There is already 'employeeController' bean method
com.godigit.springexample.controller.EmployeeController#message() mapped.
	at org.springframework.beans.factory.support.AbstractAutowireCapableBeanFactory.initializeBean(AbstractAutowireCapableBeanFactory.java:1806) ~[spring-beans-6.1.11.jar:6.1.11]
	at org.springframework.beans.factory.support.AbstractAutowireCapableBeanFactory.doCreateBean(AbstractAutowireCapableBeanFactory.java:600) ~[spring-beans-6.1.11.jar:6.1.11]
	at org.springframework.beans.factory.support.AbstractAutowireCapableBeanFactory.createBean(AbstractAutowireCapableBeanFactory.java:522) ~[spring-beans-6.1.11.jar:6.1.11]
	at org.springframework.beans.factory.support.AbstractBeanFactory.lambda$doGetBean$0(AbstractBeanFactory.java:337) ~[spring-beans-6.1.11.jar:6.1.11]
	at org.springframework.beans.factory.support.DefaultSingletonBeanRegistry.getSingleton(DefaultSingletonBeanRegistry.java:234) ~[spring-beans-6.1.11.jar:6.1.11]
	at org.springframework.beans.factory.support.AbstractBeanFactory.doGetBean(AbstractBeanFactory.java:335) ~[spring-beans-6.1.11.jar:6.1.11]
	at org.springframework.beans.factory.support.AbstractBeanFactory.getBean(AbstractBeanFactory.java:200) ~[spring-beans-6.1.11.jar:6.1.11]
	at org.springframework.beans.factory.support.DefaultListableBeanFactory.preInstantiateSingletons(DefaultListableBeanFactory.java:975) ~[spring-beans-6.1.11.jar:6.1.11]
	at org.springframework.context.support.AbstractApplicationContext.finishBeanFactoryInitialization(AbstractApplicationContext.java:971) ~[spring-context-6.1.11.jar:6.1.11]
	at org.springframework.context.support.AbstractApplicationContext.refresh(AbstractApplicationContext.java:625) ~[spring-context-6.1.11.jar:6.1.11]
	at org.springframework.boot.web.servlet.context.ServletWebServerApplicationContext.refresh(ServletWebServerApplicationContext.java:146) ~[spring-boot-3.3.2.jar:3.3.2]
	at org.springframework.boot.SpringApplication.refresh(SpringApplication.java:754) ~[spring-boot-3.3.2.jar:3.3.2]
	at org.springframework.boot.SpringApplication.refreshContext(SpringApplication.java:456) ~[spring-boot-3.3.2.jar:3.3.2]
	at org.springframework.boot.SpringApplication.run(SpringApplication.java:335) ~[spring-boot-3.3.2.jar:3.3.2]
	at org.springframework.boot.SpringApplication.run(SpringApplication.java:1363) ~[spring-boot-3.3.2.jar:3.3.2]
	at org.springframework.boot.SpringApplication.run(SpringApplication.java:1352) ~[spring-boot-3.3.2.jar:3.3.2]
	at com.godigit.springexample.SpringexampleApplication.main(SpringexampleApplication.java:16) ~[classes/:na]
Caused by: java.lang.IllegalStateException: Ambiguous mapping. Cannot map 'employeeController' method 
com.godigit.springexample.controller.EmployeeController#getAllEmployee()
to {GET [/api/employee]}: There is already 'employeeController' bean method
com.godigit.springexample.controller.EmployeeController#message() mapped.
	at org.springframework.web.servlet.handler.AbstractHandlerMethodMapping$MappingRegistry.validateMethodMapping(AbstractHandlerMethodMapping.java:674) ~[spring-webmvc-6.1.11.jar:6.1.11]
	at org.springframework.web.servlet.handler.AbstractHandlerMethodMapping$MappingRegistry.register(AbstractHandlerMethodMapping.java:636) ~[spring-webmvc-6.1.11.jar:6.1.11]
	at org.springframework.web.servlet.handler.AbstractHandlerMethodMapping.registerHandlerMethod(AbstractHandlerMethodMapping.java:331) ~[spring-webmvc-6.1.11.jar:6.1.11]
	at org.springframework.web.servlet.mvc.method.annotation.RequestMappingHandlerMapping.registerHandlerMethod(RequestMappingHandlerMapping.java:508) ~[spring-webmvc-6.1.11.jar:6.1.11]
	at org.springframework.web.servlet.mvc.method.annotation.RequestMappingHandlerMapping.registerHandlerMethod(RequestMappingHandlerMapping.java:84) ~[spring-webmvc-6.1.11.jar:6.1.11]
	at org.springframework.web.servlet.handler.AbstractHandlerMethodMapping.lambda$detectHandlerMethods$2(AbstractHandlerMethodMapping.java:298) ~[spring-webmvc-6.1.11.jar:6.1.11]
	at java.base/java.util.LinkedHashMap.forEach(LinkedHashMap.java:986) ~[na:na]
	at org.springframework.web.servlet.handler.AbstractHandlerMethodMapping.detectHandlerMethods(AbstractHandlerMethodMapping.java:296) ~[spring-webmvc-6.1.11.jar:6.1.11]
	at org.springframework.web.servlet.handler.AbstractHandlerMethodMapping.processCandidateBean(AbstractHandlerMethodMapping.java:265) ~[spring-webmvc-6.1.11.jar:6.1.11]
	at org.springframework.web.servlet.handler.AbstractHandlerMethodMapping.initHandlerMethods(AbstractHandlerMethodMapping.java:224) ~[spring-webmvc-6.1.11.jar:6.1.11]
	at org.springframework.web.servlet.handler.AbstractHandlerMethodMapping.afterPropertiesSet(AbstractHandlerMethodMapping.java:212) ~[spring-webmvc-6.1.11.jar:6.1.11]
	at org.springframework.web.servlet.mvc.method.annotation.RequestMappingHandlerMapping.afterPropertiesSet(RequestMappingHandlerMapping.java:239) ~[spring-webmvc-6.1.11.jar:6.1.11]
	at org.springframework.beans.factory.support.AbstractAutowireCapableBeanFactory.invokeInitMethods(AbstractAutowireCapableBeanFactory.java:1853) ~[spring-beans-6.1.11.jar:6.1.11]
	at org.springframework.beans.factory.support.AbstractAutowireCapableBeanFactory.initializeBean(AbstractAutowireCapableBeanFactory.java:1802) ~[spring-beans-6.1.11.jar:6.1.11]
	... 16 common frames omitted

2024-08-21T12:51:02.157+05:30  INFO 7388 --- [springexample] [main] c.g.s.SpringexampleApplication           : Starting SpringexampleApplication using Java 22.0.1 with PID 7388 (C:\Users\moham\OneDrive\Desktop\Spring Example\springexample\target\classes started by moham in C:\Users\moham\OneDrive\Desktop\Spring Example\springexample)
2024-08-21T12:51:02.159+05:30 DEBUG 7388 --- [springexample] [main] c.g.s.SpringexampleApplication           : Running with Spring Boot v3.3.2, Spring v6.1.11
2024-08-21T12:51:02.160+05:30  INFO 7388 --- [springexample] [main] c.g.s.SpringexampleApplication           : The following 2 profiles are active: "test", "log"
2024-08-21T12:51:03.365+05:30  INFO 7388 --- [springexample] [main] .s.d.r.c.RepositoryConfigurationDelegate : Bootstrapping Spring Data JPA repositories in DEFAULT mode.
2024-08-21T12:51:03.486+05:30  INFO 7388 --- [springexample] [main] .s.d.r.c.RepositoryConfigurationDelegate : Finished Spring Data repository scanning in 102 ms. Found 1 JPA repository interface.
2024-08-21T12:51:04.496+05:30  INFO 7388 --- [springexample] [main] o.s.b.w.embedded.tomcat.TomcatWebServer  : Tomcat initialized with port 8080 (http)
2024-08-21T12:51:04.522+05:30  INFO 7388 --- [springexample] [main] o.apache.catalina.core.StandardService   : Starting service [Tomcat]
2024-08-21T12:51:04.523+05:30  INFO 7388 --- [springexample] [main] o.apache.catalina.core.StandardEngine    : Starting Servlet engine: [Apache Tomcat/10.1.26]
2024-08-21T12:51:04.631+05:30  INFO 7388 --- [springexample] [main] o.a.c.c.C.[Tomcat].[localhost].[/]       : Initializing Spring embedded WebApplicationContext
2024-08-21T12:51:04.632+05:30  INFO 7388 --- [springexample] [main] w.s.c.ServletWebServerApplicationContext : Root WebApplicationContext: initialization completed in 2392 ms
2024-08-21T12:51:04.929+05:30  INFO 7388 --- [springexample] [main] o.hibernate.jpa.internal.util.LogHelper  : HHH000204: Processing PersistenceUnitInfo [name: default]
2024-08-21T12:51:05.021+05:30  INFO 7388 --- [springexample] [main] org.hibernate.Version                    : HHH000412: Hibernate ORM core version 6.5.2.Final
2024-08-21T12:51:05.080+05:30  INFO 7388 --- [springexample] [main] o.h.c.internal.RegionFactoryInitiator    : HHH000026: Second-level cache disabled
2024-08-21T12:51:05.623+05:30  INFO 7388 --- [springexample] [main] o.s.o.j.p.SpringPersistenceUnitInfo      : No LoadTimeWeaver setup: ignoring JPA class transformer
2024-08-21T12:51:05.666+05:30  INFO 7388 --- [springexample] [main] com.zaxxer.hikari.HikariDataSource       : HikariPool-1 - Starting...
2024-08-21T12:51:05.957+05:30  INFO 7388 --- [springexample] [main] com.zaxxer.hikari.pool.HikariPool        : HikariPool-1 - Added connection org.postgresql.jdbc.PgConnection@3babcaed
2024-08-21T12:51:05.959+05:30  INFO 7388 --- [springexample] [main] com.zaxxer.hikari.HikariDataSource       : HikariPool-1 - Start completed.
2024-08-21T12:51:07.279+05:30  INFO 7388 --- [springexample] [main] o.h.e.t.j.p.i.JtaPlatformInitiator       : HHH000489: No JTA platform available (set 'hibernate.transaction.jta.platform' to enable JTA platform integration)
2024-08-21T12:51:07.326+05:30  INFO 7388 --- [springexample] [main] j.LocalContainerEntityManagerFactoryBean : Initialized JPA EntityManagerFactory for persistence unit 'default'
2024-08-21T12:51:07.751+05:30  WARN 7388 --- [springexample] [main] JpaBaseConfiguration$JpaWebConfiguration : spring.jpa.open-in-view is enabled by default. Therefore, database queries may be performed during view rendering. Explicitly configure spring.jpa.open-in-view to disable this warning
2024-08-21T12:51:08.515+05:30  INFO 7388 --- [springexample] [main] o.s.b.w.embedded.tomcat.TomcatWebServer  : Tomcat started on port 8080 (http) with context path '/'
2024-08-21T12:51:08.535+05:30  INFO 7388 --- [springexample] [main] c.g.s.SpringexampleApplication           : Started SpringexampleApplication in 7.18 seconds (process running for 7.786)
2024-08-21T12:51:08.541+05:30  INFO 7388 --- [springexample] [main] c.g.s.SpringexampleApplication           : Info Level
2024-08-21T12:51:30.665+05:30  INFO 7388 --- [springexample] [http-nio-8080-exec-4] o.a.c.c.C.[Tomcat].[localhost].[/]       : Initializing Spring DispatcherServlet 'dispatcherServlet'
2024-08-21T12:51:30.666+05:30  INFO 7388 --- [springexample] [http-nio-8080-exec-4] o.s.web.servlet.DispatcherServlet        : Initializing Servlet 'dispatcherServlet'
2024-08-21T12:51:30.667+05:30  INFO 7388 --- [springexample] [http-nio-8080-exec-4] o.s.web.servlet.DispatcherServlet        : Completed initialization in 1 ms
2024-08-21T12:56:10.137+05:30  WARN 7388 --- [springexample] [HikariPool-1 housekeeper] com.zaxxer.hikari.pool.HikariPool        : HikariPool-1 - Thread starvation or clock leap detected (housekeeper delta=1m34s11ms284µs600ns).
